load_eds[PAC-P3_v1.0.eds].list[DummyUsage].line[dummy0001].unknown
load_eds[PAC-P3_v1.0.eds].list[DummyUsage].line[dummy0002].unknown
load_eds[PAC-P3_v1.0.eds].list[DummyUsage].line[dummy0003].unknown
load_eds[PAC-P3_v1.0.eds].list[DummyUsage].line[dummy0004].unknown
load_eds[PAC-P3_v1.0.eds].list[DummyUsage].line[dummy0005].unknown
load_eds[PAC-P3_v1.0.eds].list[DummyUsage].line[dummy0006].unknown
load_eds[PAC-P3_v1.0.eds].list[DummyUsage].line[dummy0007].unknown
load_eds[PAC-P3_v1.0.eds].idx[0x1003].map.unknown
load_eds[PAC-P3_v1.0.eds].idx[0x1600].len[4].map[1].useless
load_eds[PAC-P3_v1.0.eds].idx[0x1601].len[4].map[1].useless
load_eds[PAC-P3_v1.0.eds].idx[0x1602].len[4].map[1].useless
load_eds[PAC-P3_v1.0.eds].idx[0x1a00].len[4].map[1].useless
load_eds[PAC-P3_v1.0.eds].idx[0x1a01].len[4].map[1].useless
load_eds[PAC-P3_v1.0.eds].idx[0x1a02].len[4].map[1].useless
load_eds[PAC-P3_v1.0.eds].idx[0x6510].len[7].map[5].useless
load_eds[PAC-P3_v1.0.eds].idx[0x3371].sub[10].len[9].mismatch
load_eds[PAC-P3_v1.0.eds].idx[0x3372].sub[10].len[9].mismatch
load_eds[PAC-P3_v1.0.eds].idx[0x3373].sub[10].len[9].mismatch
load_eds[PAC-P3_v1.0.eds].idx[0x3374].sub[10].len[9].mismatch
load_eds[carteGripper_config_01.dcf].list[DummyUsage].line[dummy0001].unknown
load_eds[carteGripper_config_01.dcf].list[DummyUsage].line[dummy0002].unknown
load_eds[carteGripper_config_01.dcf].list[DummyUsage].line[dummy0003].unknown
load_eds[carteGripper_config_01.dcf].list[DummyUsage].line[dummy0004].unknown
load_eds[carteGripper_config_01.dcf].list[DummyUsage].line[dummy0005].unknown
load_eds[carteGripper_config_01.dcf].list[DummyUsage].line[dummy0006].unknown
load_eds[carteGripper_config_01.dcf].list[DummyUsage].line[dummy0007].unknown
load_eds[carteGripper_config_01.dcf].idx[0x1600].sub[9].len[5].mismatch
load_eds[carteGripper_config_01.dcf].idx[0x1601].sub[9].len[1].mismatch
load_eds[carteGripper_config_01.dcf].idx[0x1602].sub[9].len[1].mismatch
load_eds[carteGripper_config_01.dcf].idx[0x1603].sub[9].len[1].mismatch
load_eds[carteGripper_config_01.dcf].idx[0x1a00].sub[9].len[5].mismatch
load_eds[carteGripper_config_01.dcf].idx[0x1a01].sub[9].len[5].mismatch
load_eds[carteGripper_config_01.dcf].idx[0x1a02].sub[9].len[5].mismatch
load_eds[carteGripper_config_01.dcf].idx[0x1a03].sub[9].len[5].mismatch
load_eds[carteGripper_config_01.dcf].idx[0x1a04].sub[9].len[1].mismatch
load_eds[carteGripper_config_01.dcf].idx[0x1a05].sub[9].len[3].mismatch
load_eds[carteGripper_config_01.dcf].obj[6005Value].compact.unknown (possible orphan?)
frame_parse.ecp.cmd.op
frame_parse.ecp.cmd.op
frame_parse.ecp.cmd.op
frame_parse.ecp.cmd.op
frame_parse.ecp.cmd.op
frame_parse.ecp.cmd.op
frame_parse.ecp.cmd.op
frame_parse.ecp.cmd.op
frame_parse.ecp.cmd.op
frame_parse.ecp.cmd.op
frame_parse.ecp.cmd.op
frame_parse.ecp.cmd.op
frame_parse.ecp.cmd.op
frame_parse.ecp.cmd.op
frame_parse.ecp.cmd.op
frame_parse.ecp.cmd.op
frame_parse.ecp.cmd.op
frame_parse.ecp.cmd.op
frame_parse.ecp.cmd.op
frame_parse.ecp.cmd.op
frame_parse.ecp.cmd.op
frame_parse.ecp.cmd.op
frame_parse.ecp.cmd.op
frame_parse.ecp.cmd.op
frame_parse.ecp.cmd.op
frame_parse.ecp.cmd.op
frame_parse.ecp.cmd.op
frame_parse.ecp.cmd.op
frame_parse.ecp.cmd.op
frame_parse.ecp.cmd.op
frame_parse.ecp.cmd.op
frame_parse.ecp.cmd.op
frame_parse.ecp.cmd.op
frame_parse.ecp.cmd.op
frame_parse.rsdo.rdobj
frame_parse.tsdo.sendack
frame_parse.rsdo.rdobj
frame_parse.tsdo.sendack
frame_parse.rsdo.rdobj
frame_parse.tsdo.sendack
frame_parse.rsdo.rdobj
frame_parse.ecp.cmd.op
frame_parse.tsdo.sendack
frame_parse.rsdo.rdobj
frame_parse.tsdo.sendack
frame_parse.rsdo.rdobj
frame_parse.tsdo.sendack
frame_parse.rsdo.rdobj
frame_parse.tsdo.sendack
frame_parse.rsdo.rdobj
frame_parse.tsdo.sendack
frame_parse.rsdo.rdobj
frame_parse.tsdo.sendack
frame_parse.rsdo.rdobj
frame_parse.tsdo.sendack
frame_parse.rsdo.rdobj
frame_parse.tsdo.sendack
frame_parse.rsdo.rdobj
frame_parse.ecp.cmd.op
frame_parse.res2 (unmapped xpdo?)
frame_parse.ecp.cmd.op
frame_parse.ecp.cmd.op
frame_parse.ecp.cmd.op
frame_parse.ecp.cmd.op
frame_parse.res2 (unmapped xpdo?)
frame_parse.ecp.cmd.op
frame_parse.ecp.cmd.op
frame_parse.ecp.cmd.op
frame_parse.ecp.cmd.op
frame_parse.ecp.cmd.op
frame_parse.ecp.cmd.op
frame_parse.ecp.cmd.op
frame_parse.ecp.cmd.op
frame_parse.ecp.cmd.op
frame_parse.ecp.cmd.op
frame_parse.ecp.cmd.op
frame_parse.ecp.cmd.op
frame_parse.ecp.cmd.op
frame_parse.ecp.cmd.op
frame_parse.ecp.cmd.op
frame_parse.ecp.cmd.op
frame_parse.ecp.cmd.op
frame_parse.ecp.cmd.op
frame_parse.ecp.cmd.op
frame_parse.ecp.cmd.op
frame_parse.ecp.cmd.op
frame_parse.ecp.cmd.op
frame_parse.ecp.cmd.op
frame_parse.ecp.cmd.op
frame_parse.ecp.cmd.op
frame_parse.ecp.cmd.op
frame_parse.ecp.cmd.op
frame_parse.ecp.cmd.op
frame_parse.res2 (unmapped xpdo?)
frame_parse.ecp.cmd.op
frame_parse.ecp.cmd.op
frame_parse.ecp.cmd.op
frame_parse.res2 (unmapped xpdo?)
frame_parse.ecp.cmd.op
frame_parse.ecp.cmd.op
frame_parse.ecp.cmd.op
frame_parse.tsdo.sendack
frame_parse.rsdo.rdobj
frame_parse.tsdo.sendack
frame_parse.tsdo.sendack
frame_parse.tsdo.sendack
frame_parse.ecp.cmd.op
frame_parse.ecp.cmd.op
frame_parse.ecp.cmd.op
frame_parse.ecp.cmd.op
frame_parse.ecp.cmd.op
frame_parse.ecp.cmd.op
frame_parse.rsdo.rdobj
frame_parse.tsdo.sendack
frame_parse.ecp.cmd.op
frame_parse.rsdo.rdobj
frame_parse.tsdo.sendack
frame_parse.rsdo.rdobj
frame_parse.tsdo.sendack
frame_parse.rsdo.rdobj
frame_parse.tsdo.sendack
frame_parse.rsdo.rdobj
frame_parse.tsdo.sendack
frame_parse.rsdo.rdobj
frame_parse.tsdo.sendack
frame_parse.rsdo.rdobj
frame_parse.tsdo.sendack
frame_parse.rsdo.rdobj
frame_parse.tsdo.sendack
frame_parse.rsdo.rdobj
frame_parse.tsdo.sendack
frame_parse.rsdo.rdobj
frame_parse.tsdo.sendack
frame_parse.rsdo.rdobj
frame_parse.tsdo.sendack
frame_parse.rsdo.rdobj
frame_parse.ecp.cmd.op
frame_parse.ecp.cmd.op
frame_parse.ecp.cmd.op
frame_parse.ecp.cmd.op
frame_parse.ecp.cmd.op
frame_parse.ecp.cmd.op
frame_parse.ecp.cmd.op
frame_parse.ecp.cmd.op
frame_parse.ecp.cmd.op
frame_parse.ecp.cmd.op
frame_parse.ecp.cmd.op
frame_parse.ecp.cmd.op
frame_parse.ecp.cmd.op
frame_parse.ecp.cmd.op
frame_parse.ecp.cmd.op
frame_parse.ecp.cmd.op
frame_parse.ecp.cmd.op
frame_parse.ecp.cmd.op
frame_parse.ecp.cmd.op
frame_parse.ecp.cmd.op
frame_parse.ecp.cmd.op
frame_parse.ecp.cmd.op
frame_parse.tsdo.sendack
frame_parse.rsdo.rdobj
frame_parse.tsdo.sendack
frame_parse.tsdo.sendack
frame_parse.tsdo.sendack
frame_parse.ecp.cmd.op
frame_parse.rsdo.rdobj
frame_parse.tsdo.sendack
frame_parse.rsdo.rdobj
frame_parse.tsdo.sendack
frame_parse.rsdo.rdobj
frame_parse.tsdo.sendack
frame_parse.rsdo.rdobj
frame_parse.tsdo.sendack
frame_parse.rsdo.rdobj
frame_parse.tsdo.sendack
frame_parse.rsdo.rdobj
frame_parse.tsdo.sendack
frame_parse.rsdo.rdobj
frame_parse.tsdo.sendack
frame_parse.rsdo.rdobj
frame_parse.tsdo.sendack
frame_parse.rsdo.rdobj
frame_parse.tsdo.sendack
frame_parse.rsdo.rdobj
frame_parse.tsdo.sendack
frame_parse.ecp.cmd.op
frame_parse.rsdo.rdobj
frame_parse.tsdo.sendack
frame_parse.rsdo.rdobj
frame_parse.ecp.cmd.op
frame_parse.ecp.cmd.op
frame_parse.ecp.cmd.op
frame_parse.ecp.cmd.op
frame_parse.ecp.cmd.op
frame_parse.ecp.cmd.op
frame_parse.ecp.cmd.op
frame_parse.ecp.cmd.op
frame_parse.ecp.cmd.op
frame_parse.ecp.cmd.op
frame_parse.ecp.cmd.op
frame_parse.ecp.cmd.op
frame_parse.ecp.cmd.op
frame_parse.ecp.cmd.op
frame_parse.ecp.cmd.op
frame_parse.ecp.cmd.op
frame_parse.ecp.cmd.op
frame_parse.ecp.cmd.op
frame_parse.ecp.cmd.op
frame_parse.ecp.cmd.op
frame_parse.ecp.cmd.op
frame_parse.ecp.cmd.op
frame_parse.ecp.cmd.op
frame_parse.ecp.cmd.op
frame_parse.tsdo.sendack
frame_parse.ecp.cmd.op
frame_parse.rsdo.rdobj
frame_parse.tsdo.sendack
frame_parse.tsdo.sendack
frame_parse.tsdo.sendack
frame_parse.ecp.cmd.op
frame_parse.ecp.cmd.op
frame_parse.rsdo.rdobj
frame_parse.tsdo.sendack
frame_parse.rsdo.rdobj
frame_parse.tsdo.sendack
frame_parse.rsdo.rdobj
frame_parse.tsdo.sendack
frame_parse.rsdo.rdobj
frame_parse.tsdo.sendack
frame_parse.rsdo.rdobj
frame_parse.tsdo.sendack
frame_parse.rsdo.rdobj
frame_parse.tsdo.sendack
frame_parse.rsdo.rdobj
frame_parse.tsdo.sendack
frame_parse.rsdo.rdobj
frame_parse.tsdo.sendack
frame_parse.rsdo.rdobj
frame_parse.tsdo.sendack
frame_parse.rsdo.rdobj
frame_parse.tsdo.sendack
frame_parse.rsdo.rdobj
frame_parse.tsdo.sendack
frame_parse.rsdo.rdobj
frame_parse.ecp.cmd.op
frame_parse.ecp.cmd.op
frame_parse.ecp.cmd.op
frame_parse.res2 (unmapped xpdo?)
frame_parse.ecp.cmd.op
frame_parse.ecp.cmd.op
frame_parse.ecp.cmd.op
frame_parse.ecp.cmd.op
frame_parse.ecp.cmd.op
frame_parse.ecp.cmd.op
frame_parse.ecp.cmd.op
frame_parse.ecp.cmd.op
frame_parse.ecp.cmd.op
frame_parse.ecp.cmd.op
frame_parse.ecp.cmd.op
frame_parse.ecp.cmd.op
frame_parse.ecp.cmd.op
frame_parse.ecp.cmd.op
frame_parse.ecp.cmd.op
frame_parse.ecp.cmd.op
frame_parse.ecp.cmd.op
frame_parse.ecp.cmd.op
frame_parse.ecp.cmd.op
frame_parse.ecp.cmd.op
frame_parse.ecp.cmd.op
frame_parse.ecp.cmd.op
frame_parse.ecp.cmd.op
frame_parse.ecp.cmd.op
frame_parse.ecp.cmd.op
frame_parse.ecp.cmd.op
frame_parse.ecp.cmd.op
frame_parse.ecp.cmd.op
frame_parse.ecp.cmd.op
frame_parse.ecp.cmd.op
frame_parse.ecp.cmd.op
frame_parse.ecp.cmd.op
frame_parse.ecp.cmd.op
frame_parse.ecp.cmd.op
frame_parse.ecp.cmd.op
frame_parse.ecp.cmd.op
frame_parse.ecp.cmd.op
frame_parse.res2 (unmapped xpdo?)
frame_parse.ecp.cmd.op
frame_parse.ecp.cmd.op
frame_parse.ecp.cmd.op
frame_parse.ecp.cmd.op
frame_parse.ecp.cmd.op
frame_parse.ecp.cmd.op
frame_parse.ecp.cmd.op
frame_parse.tsdo.sendack
frame_parse.rsdo.rdobj
frame_parse.tsdo.sendack
frame_parse.tsdo.sendack
frame_parse.tsdo.sendack
frame_parse.ecp.cmd.op
frame_parse.ecp.cmd.op
frame_parse.ecp.cmd.op
frame_parse.ecp.cmd.op
frame_parse.ecp.cmd.op
frame_parse.ecp.cmd.op
frame_parse.ecp.cmd.op
frame_parse.ecp.cmd.op
frame_parse.ecp.cmd.op
frame_parse.ecp.cmd.op
frame_parse.ecp.cmd.op
frame_parse.ecp.cmd.op
frame_parse.ecp.cmd.op
frame_parse.ecp.cmd.op
frame_parse.ecp.cmd.op
frame_parse.ecp.cmd.op
frame_parse.ecp.cmd.op
frame_parse.ecp.cmd.op
frame_parse.ecp.cmd.op
frame_parse.ecp.cmd.op
frame_parse.ecp.cmd.op
frame_parse.ecp.cmd.op
frame_parse.ecp.cmd.op
frame_parse.ecp.cmd.op
frame_parse.ecp.cmd.op
frame_parse.ecp.cmd.op
frame_parse.ecp.cmd.op
frame_parse.ecp.cmd.op
frame_parse.ecp.cmd.op
frame_parse.ecp.cmd.op
frame_parse.ecp.cmd.op
frame_parse.ecp.cmd.op
frame_parse.ecp.cmd.op
frame_parse.ecp.cmd.op
frame_parse.ecp.cmd.op
frame_parse.ecp.cmd.op
frame_parse.ecp.cmd.op
frame_parse.ecp.cmd.op
frame_parse.ecp.cmd.op
frame_parse.ecp.cmd.op
frame_parse.ecp.cmd.op
frame_parse.ecp.cmd.op
frame_parse.ecp.cmd.op
frame_parse.ecp.cmd.op
frame_parse.ecp.cmd.op
frame_parse.ecp.cmd.op
frame_parse.ecp.cmd.op
frame_parse.ecp.cmd.op
frame_parse.ecp.cmd.op
frame_parse.ecp.cmd.op
frame_parse.ecp.cmd.op
frame_parse.ecp.cmd.op
frame_parse.ecp.cmd.op
frame_parse.ecp.cmd.op
frame_parse.ecp.cmd.op
frame_parse.ecp.cmd.op
frame_parse.ecp.cmd.op
frame_parse.ecp.cmd.op
frame_parse.ecp.cmd.op
frame_parse.ecp.cmd.op
frame_parse.ecp.cmd.op
frame_parse.ecp.cmd.op
frame_parse.ecp.cmd.op
frame_parse.ecp.cmd.op
frame_parse.ecp.cmd.op
frame_parse.ecp.cmd.op
frame_parse.ecp.cmd.op
frame_parse.ecp.cmd.op
frame_parse.ecp.cmd.op
frame_parse.ecp.cmd.op
frame_parse.ecp.cmd.op
frame_parse.ecp.cmd.op
frame_parse.ecp.cmd.op
frame_parse.ecp.cmd.op
frame_parse.ecp.cmd.op
frame_parse.ecp.cmd.op
frame_parse.ecp.cmd.op
frame_parse.ecp.cmd.op
frame_parse.ecp.cmd.op
frame_parse.ecp.cmd.op
frame_parse.ecp.cmd.op
frame_parse.ecp.cmd.op
frame_parse.ecp.cmd.op
